>> START: clean_pitcher_files.py (2025-09-09 20:23:44 UTC)
Starters seen today: 30
✅ cleaned data/_projections/pitcher_props_projected_final.csv | rows=26 | starters missing here=4
Missing starter ids in this file: 527048, 594798, 666200, 681190
✅ cleaned data/_projections/pitcher_mega_z_final.csv | rows=572 | starters missing here=4
Missing starter ids in this file: 434378, 579328, 645261, 808967
[END] clean_pitcher_files.py (2025-09-09 20:23:44 UTC)
>> START: clean_pitcher_files.py (2025-09-09 20:35:42 UTC)
Starters seen today: 30
✅ cleaned data/_projections/pitcher_props_projected_final.csv | rows=26 | starters missing here=4
Missing starter ids in this file: 527048, 594798, 666200, 681190
✅ cleaned data/_projections/pitcher_mega_z_final.csv | rows=572 | starters missing here=4
Missing starter ids in this file: 434378, 579328, 645261, 808967
[END] clean_pitcher_files.py (2025-09-09 20:35:42 UTC)
>> START: clean_pitcher_files.py (2025-09-09 20:59:17 UTC)
Starters seen today: 30
✅ cleaned data/_projections/pitcher_props_projected_final.csv | rows=26 | starters missing here=4
Missing starter ids in this file: 527048, 594798, 666200, 681190
✅ cleaned data/_projections/pitcher_mega_z_final.csv | rows=572 | starters missing here=4
Missing starter ids in this file: 434378, 579328, 645261, 808967
[END] clean_pitcher_files.py (2025-09-09 20:59:17 UTC)
>> START: clean_pitcher_files.py (2025-09-10 12:27:11 UTC)
Starters seen today: 54
✅ cleaned data/_projections/pitcher_props_projected_final.csv | rows=26 | starters missing here=28
Missing starter ids in this file: 518876, 519242, 527048, 593958, 594798, 601713, 605280, 605483, 607536, 621244, 642547, 643377, 656427, 663623, 666200, 669302, 669330, 669920, 671096, 671106, 671737, 680742, 681190, 686930, 693313, 694973, 700241, 801139
✅ cleaned data/_projections/pitcher_mega_z_final.csv | rows=572 | starters missing here=7
Missing starter ids in this file: 434378, 579328, 605483, 645261, 669330, 693313, 808967
[END] clean_pitcher_files.py (2025-09-10 12:27:11 UTC)
>> START: clean_pitcher_files.py (2025-09-10 12:46:47 UTC)
Starters seen today: 54
✅ cleaned data/_projections/pitcher_props_projected_final.csv | rows=30 | starters missing here=24
Missing starter ids in this file: 518876, 519242, 593958, 601713, 605280, 605483, 607536, 621244, 642547, 643377, 656427, 663623, 669302, 669330, 669920, 671096, 671106, 671737, 680742, 686930, 693313, 694973, 700241, 801139
✅ cleaned data/_projections/pitcher_mega_z_final.csv | rows=569 | starters missing here=7
Missing starter ids in this file: 434378, 579328, 605483, 645261, 669330, 693313, 808967
[END] clean_pitcher_files.py (2025-09-10 12:46:47 UTC)
>> START: clean_pitcher_files.py (2025-09-10 13:01:13 UTC)
Starters seen today: 54
✅ cleaned data/_projections/pitcher_props_projected_final.csv | rows=30 | starters missing here=24
Missing starter ids in this file: 518876, 519242, 593958, 601713, 605280, 605483, 607536, 621244, 642547, 643377, 656427, 663623, 669302, 669330, 669920, 671096, 671106, 671737, 680742, 686930, 693313, 694973, 700241, 801139
✅ cleaned data/_projections/pitcher_mega_z_final.csv | rows=569 | starters missing here=7
Missing starter ids in this file: 434378, 579328, 605483, 645261, 669330, 693313, 808967
[END] clean_pitcher_files.py (2025-09-10 13:01:13 UTC)
>> START: clean_pitcher_files.py (2025-09-10 14:39:42 UTC)
Starters seen today: 54
✅ cleaned data/_projections/pitcher_props_projected_final.csv | rows=30 | starters missing here=24
Missing starter ids in this file: 518876, 519242, 593958, 601713, 605280, 605483, 607536, 621244, 642547, 643377, 656427, 663623, 669302, 669330, 669920, 671096, 671106, 671737, 680742, 686930, 693313, 694973, 700241, 801139
✅ cleaned data/_projections/pitcher_mega_z_final.csv | rows=572 | starters missing here=4
Missing starter ids in this file: 434378, 579328, 645261, 808967
[END] clean_pitcher_files.py (2025-09-10 14:39:42 UTC)
>> START: clean_pitcher_files.py (2025-09-10 16:02:14 UTC)
Starters seen today: 54
✅ cleaned data/_projections/pitcher_props_projected_final.csv | rows=30 | starters missing here=24
Missing starter ids in this file: 518876, 519242, 593958, 601713, 605280, 605483, 607536, 621244, 642547, 643377, 656427, 663623, 669302, 669330, 669920, 671096, 671106, 671737, 680742, 686930, 693313, 694973, 700241, 801139
✅ cleaned data/_projections/pitcher_mega_z_final.csv | rows=572 | starters missing here=4
Missing starter ids in this file: 434378, 579328, 645261, 808967
[END] clean_pitcher_files.py (2025-09-10 16:02:14 UTC)
>> START: clean_pitcher_files.py (2025-09-10 16:17:03 UTC)
Starters seen today: 54
✅ cleaned data/_projections/pitcher_props_projected_final.csv | rows=30 | starters missing here=24
Missing starter ids in this file: 518876, 519242, 593958, 601713, 605280, 605483, 607536, 621244, 642547, 643377, 656427, 663623, 669302, 669330, 669920, 671096, 671106, 671737, 680742, 686930, 693313, 694973, 700241, 801139
✅ cleaned data/_projections/pitcher_mega_z_final.csv | rows=572 | starters missing here=4
Missing starter ids in this file: 434378, 579328, 645261, 808967
[END] clean_pitcher_files.py (2025-09-10 16:17:03 UTC)
