>> START: finalize_projections.py (2025-09-09 20:23:43 UTC)
▶️ START: finalize_projections.py
===== SUMMARY =====
batters_expanded rows: 90 | probs prob_hits_over_1p5[0.210..0.363], prob_tb_over_1p5[0.298..0.474] , prob_hr_over_0p5[0.018..0.333]
batters_projected rows: 90 | probs prob_hits_over_1p5[0.210..0.363], prob_tb_over_1p5[0.298..0.474] , prob_hr_over_0p5[0.018..0.333]
pitchers_projected rows: 26 | k%/bb%/avg/slg k_percent_eff[0.125..0.328], bb_percent_eff[0.000..0.150], proj_avg[0.172..0.323], proj_slg[0.210..0.449]
pitcher_mega_z rows: 2,860
✅ Wrote batters_expanded: 90 rows -> data/_projections/batter_props_expanded_final.csv AND data/end_chain/final/batter_props_expanded_final.csv
✅ Wrote batters_projected: 90 rows -> data/_projections/batter_props_projected_final.csv AND data/end_chain/final/batter_props_projected_final.csv
✅ Wrote pitchers_projected: 26 rows -> data/_projections/pitcher_props_projected_final.csv AND data/end_chain/final/pitcher_props_projected_final.csv
✅ Wrote pitcher_mega_z: 2,860 rows -> data/_projections/pitcher_mega_z_final.csv AND data/end_chain/final/pitcher_mega_z_final.csv
✅ finalize_projections.py completed
[END] finalize_projections.py (2025-09-09 20:23:43 UTC)
>> START: finalize_projections.py (2025-09-09 20:35:41 UTC)
▶️ START: finalize_projections.py
===== SUMMARY =====
batters_expanded rows: 90 | probs prob_hits_over_1p5[0.210..0.363], prob_tb_over_1p5[0.298..0.474] , prob_hr_over_0p5[0.018..0.333]
batters_projected rows: 90 | probs prob_hits_over_1p5[0.210..0.363], prob_tb_over_1p5[0.298..0.474] , prob_hr_over_0p5[0.018..0.333]
pitchers_projected rows: 26 | k%/bb%/avg/slg k_percent_eff[0.125..0.328], bb_percent_eff[0.000..0.150], proj_avg[0.172..0.323], proj_slg[0.210..0.449]
pitcher_mega_z rows: 2,860
✅ Wrote batters_expanded: 90 rows -> data/_projections/batter_props_expanded_final.csv AND data/end_chain/final/batter_props_expanded_final.csv
✅ Wrote batters_projected: 90 rows -> data/_projections/batter_props_projected_final.csv AND data/end_chain/final/batter_props_projected_final.csv
✅ Wrote pitchers_projected: 26 rows -> data/_projections/pitcher_props_projected_final.csv AND data/end_chain/final/pitcher_props_projected_final.csv
✅ Wrote pitcher_mega_z: 2,860 rows -> data/_projections/pitcher_mega_z_final.csv AND data/end_chain/final/pitcher_mega_z_final.csv
✅ finalize_projections.py completed
[END] finalize_projections.py (2025-09-09 20:35:41 UTC)
>> START: finalize_projections.py (2025-09-09 20:59:15 UTC)
▶️ START: finalize_projections.py
===== SUMMARY =====
batters_expanded rows: 90 | probs prob_hits_over_1p5[0.210..0.363], prob_tb_over_1p5[0.298..0.474] , prob_hr_over_0p5[0.018..0.333]
batters_projected rows: 90 | probs prob_hits_over_1p5[0.210..0.363], prob_tb_over_1p5[0.298..0.474] , prob_hr_over_0p5[0.018..0.333]
pitchers_projected rows: 26 | k%/bb%/avg/slg k_percent_eff[0.125..0.328], bb_percent_eff[0.000..0.150], proj_avg[0.172..0.323], proj_slg[0.210..0.449]
pitcher_mega_z rows: 2,860
✅ Wrote batters_expanded: 90 rows -> data/_projections/batter_props_expanded_final.csv AND data/end_chain/final/batter_props_expanded_final.csv
✅ Wrote batters_projected: 90 rows -> data/_projections/batter_props_projected_final.csv AND data/end_chain/final/batter_props_projected_final.csv
✅ Wrote pitchers_projected: 26 rows -> data/_projections/pitcher_props_projected_final.csv AND data/end_chain/final/pitcher_props_projected_final.csv
✅ Wrote pitcher_mega_z: 2,860 rows -> data/_projections/pitcher_mega_z_final.csv AND data/end_chain/final/pitcher_mega_z_final.csv
✅ finalize_projections.py completed
[END] finalize_projections.py (2025-09-09 20:59:15 UTC)
>> START: finalize_projections.py (2025-09-10 12:27:09 UTC)
▶️ START: finalize_projections.py
===== SUMMARY =====
batters_expanded rows: 90 | probs prob_hits_over_1p5[0.210..0.363], prob_tb_over_1p5[0.298..0.474] , prob_hr_over_0p5[0.018..0.333]
batters_projected rows: 90 | probs prob_hits_over_1p5[0.210..0.363], prob_tb_over_1p5[0.298..0.474] , prob_hr_over_0p5[0.018..0.333]
pitchers_projected rows: 26 | k%/bb%/avg/slg k_percent_eff[0.125..0.328], bb_percent_eff[0.000..0.150], proj_avg[0.172..0.323], proj_slg[0.210..0.449]
pitcher_mega_z rows: 2,860
✅ Wrote batters_expanded: 90 rows -> data/_projections/batter_props_expanded_final.csv AND data/end_chain/final/batter_props_expanded_final.csv
✅ Wrote batters_projected: 90 rows -> data/_projections/batter_props_projected_final.csv AND data/end_chain/final/batter_props_projected_final.csv
✅ Wrote pitchers_projected: 26 rows -> data/_projections/pitcher_props_projected_final.csv AND data/end_chain/final/pitcher_props_projected_final.csv
✅ Wrote pitcher_mega_z: 2,860 rows -> data/_projections/pitcher_mega_z_final.csv AND data/end_chain/final/pitcher_mega_z_final.csv
✅ finalize_projections.py completed
[END] finalize_projections.py (2025-09-10 12:27:09 UTC)
>> START: finalize_projections.py (2025-09-10 12:46:45 UTC)
▶️ START: finalize_projections.py
===== SUMMARY =====
batters_expanded rows: 90 | probs prob_hits_over_1p5[0.210..0.363], prob_tb_over_1p5[0.298..0.474] , prob_hr_over_0p5[0.018..0.333]
batters_projected rows: 90 | probs prob_hits_over_1p5[0.210..0.363], prob_tb_over_1p5[0.298..0.474] , prob_hr_over_0p5[0.018..0.333]
pitcher_mega_z rows: 569
✅ Wrote batters_expanded: 90 rows -> data/_projections/batter_props_expanded_final.csv AND data/end_chain/final/batter_props_expanded_final.csv
✅ Wrote batters_projected: 90 rows -> data/_projections/batter_props_projected_final.csv AND data/end_chain/final/batter_props_projected_final.csv
✅ Wrote pitchers_projected: 30 rows -> data/_projections/pitcher_props_projected_final.csv AND data/end_chain/final/pitcher_props_projected_final.csv
✅ Wrote pitcher_mega_z: 569 rows -> data/_projections/pitcher_mega_z_final.csv AND data/end_chain/final/pitcher_mega_z_final.csv
✅ finalize_projections.py completed
[END] finalize_projections.py (2025-09-10 12:46:45 UTC)
>> START: finalize_projections.py (2025-09-10 13:01:11 UTC)
▶️ START: finalize_projections.py
===== SUMMARY =====
batters_expanded rows: 90 | probs prob_hits_over_1p5[0.210..0.363], prob_tb_over_1p5[0.298..0.474] , prob_hr_over_0p5[0.018..0.333]
batters_projected rows: 90 | probs prob_hits_over_1p5[0.210..0.363], prob_tb_over_1p5[0.298..0.474] , prob_hr_over_0p5[0.018..0.333]
pitcher_mega_z rows: 569
✅ Wrote batters_expanded: 90 rows -> data/_projections/batter_props_expanded_final.csv AND data/end_chain/final/batter_props_expanded_final.csv
✅ Wrote batters_projected: 90 rows -> data/_projections/batter_props_projected_final.csv AND data/end_chain/final/batter_props_projected_final.csv
✅ Wrote pitchers_projected: 30 rows -> data/_projections/pitcher_props_projected_final.csv AND data/end_chain/final/pitcher_props_projected_final.csv
✅ Wrote pitcher_mega_z: 569 rows -> data/_projections/pitcher_mega_z_final.csv AND data/end_chain/final/pitcher_mega_z_final.csv
✅ finalize_projections.py completed
[END] finalize_projections.py (2025-09-10 13:01:11 UTC)
>> START: finalize_projections.py (2025-09-10 14:39:40 UTC)
▶️ START: finalize_projections.py
===== SUMMARY =====
batters_expanded rows: 90 | probs prob_hits_over_1p5[0.210..0.363], prob_tb_over_1p5[0.298..0.474] , prob_hr_over_0p5[0.018..0.333]
batters_projected rows: 90 | probs prob_hits_over_1p5[0.210..0.363], prob_tb_over_1p5[0.298..0.474] , prob_hr_over_0p5[0.018..0.333]
pitcher_mega_z rows: 572
✅ Wrote batters_expanded: 90 rows -> data/_projections/batter_props_expanded_final.csv AND data/end_chain/final/batter_props_expanded_final.csv
✅ Wrote batters_projected: 90 rows -> data/_projections/batter_props_projected_final.csv AND data/end_chain/final/batter_props_projected_final.csv
✅ Wrote pitchers_projected: 30 rows -> data/_projections/pitcher_props_projected_final.csv AND data/end_chain/final/pitcher_props_projected_final.csv
✅ Wrote pitcher_mega_z: 572 rows -> data/_projections/pitcher_mega_z_final.csv AND data/end_chain/final/pitcher_mega_z_final.csv
✅ finalize_projections.py completed
[END] finalize_projections.py (2025-09-10 14:39:40 UTC)
>> START: finalize_projections.py (2025-09-10 16:02:12 UTC)
▶️ START: finalize_projections.py
===== SUMMARY =====
batters_expanded rows: 90 | probs prob_hits_over_1p5[0.210..0.363], prob_tb_over_1p5[0.298..0.474] , prob_hr_over_0p5[0.018..0.333]
batters_projected rows: 90 | probs prob_hits_over_1p5[0.210..0.363], prob_tb_over_1p5[0.298..0.474] , prob_hr_over_0p5[0.018..0.333]
pitcher_mega_z rows: 572
✅ Wrote batters_expanded: 90 rows -> data/_projections/batter_props_expanded_final.csv AND data/end_chain/final/batter_props_expanded_final.csv
✅ Wrote batters_projected: 90 rows -> data/_projections/batter_props_projected_final.csv AND data/end_chain/final/batter_props_projected_final.csv
✅ Wrote pitchers_projected: 30 rows -> data/_projections/pitcher_props_projected_final.csv AND data/end_chain/final/pitcher_props_projected_final.csv
✅ Wrote pitcher_mega_z: 572 rows -> data/_projections/pitcher_mega_z_final.csv AND data/end_chain/final/pitcher_mega_z_final.csv
✅ finalize_projections.py completed
[END] finalize_projections.py (2025-09-10 16:02:12 UTC)
