>> START: fix_outputs_generate_fixed_files.py (2025-09-09 20:23:39 UTC)
✔ Wrote: data/_projections/pitcher_props_projected_fixed.csv rows=26
✔ Wrote: data/_projections/pitcher_mega_z_fixed.csv rows=2860
✔ Wrote: data/_projections/batter_props_projected_fixed.csv rows=90
✔ Wrote: data/_projections/batter_props_expanded_fixed.csv rows=90
✔ Wrote: data/_projections/todaysgames_normalized_fixed.csv rows=15
[END] fix_outputs_generate_fixed_files.py (2025-09-09 20:23:39 UTC)
>> START: fix_outputs_generate_fixed_files.py (2025-09-09 20:35:37 UTC)
✔ Wrote: data/_projections/pitcher_props_projected_fixed.csv rows=26
✔ Wrote: data/_projections/pitcher_mega_z_fixed.csv rows=2860
✔ Wrote: data/_projections/batter_props_projected_fixed.csv rows=90
✔ Wrote: data/_projections/batter_props_expanded_fixed.csv rows=90
✔ Wrote: data/_projections/todaysgames_normalized_fixed.csv rows=15
[END] fix_outputs_generate_fixed_files.py (2025-09-09 20:35:37 UTC)
>> START: fix_outputs_generate_fixed_files.py (2025-09-09 20:59:11 UTC)
✔ Wrote: data/_projections/pitcher_props_projected_fixed.csv rows=26
✔ Wrote: data/_projections/pitcher_mega_z_fixed.csv rows=2860
✔ Wrote: data/_projections/batter_props_projected_fixed.csv rows=90
✔ Wrote: data/_projections/batter_props_expanded_fixed.csv rows=90
✔ Wrote: data/_projections/todaysgames_normalized_fixed.csv rows=15
[END] fix_outputs_generate_fixed_files.py (2025-09-09 20:59:11 UTC)
>> START: fix_outputs_generate_fixed_files.py (2025-09-10 12:27:05 UTC)
✔ Wrote: data/_projections/pitcher_props_projected_fixed.csv rows=26
✔ Wrote: data/_projections/pitcher_mega_z_fixed.csv rows=2860
✔ Wrote: data/_projections/batter_props_projected_fixed.csv rows=90
✔ Wrote: data/_projections/batter_props_expanded_fixed.csv rows=90
✔ Wrote: data/_projections/todaysgames_normalized_fixed.csv rows=15
[END] fix_outputs_generate_fixed_files.py (2025-09-10 12:27:05 UTC)
>> START: fix_outputs_generate_fixed_files.py (2025-09-10 12:46:40 UTC)
✔ Wrote: data/_projections/pitcher_props_projected_fixed.csv rows=30
✔ Wrote: data/_projections/pitcher_mega_z_fixed.csv rows=569
✔ Wrote: data/_projections/batter_props_projected_fixed.csv rows=90
✔ Wrote: data/_projections/batter_props_expanded_fixed.csv rows=90
✔ Wrote: data/_projections/todaysgames_normalized_fixed.csv rows=15
[END] fix_outputs_generate_fixed_files.py (2025-09-10 12:46:40 UTC)
>> START: fix_outputs_generate_fixed_files.py (2025-09-10 13:01:07 UTC)
✔ Wrote: data/_projections/pitcher_props_projected_fixed.csv rows=30
✔ Wrote: data/_projections/pitcher_mega_z_fixed.csv rows=569
✔ Wrote: data/_projections/batter_props_projected_fixed.csv rows=90
✔ Wrote: data/_projections/batter_props_expanded_fixed.csv rows=90
✔ Wrote: data/_projections/todaysgames_normalized_fixed.csv rows=15
[END] fix_outputs_generate_fixed_files.py (2025-09-10 13:01:07 UTC)
>> START: fix_outputs_generate_fixed_files.py (2025-09-10 14:39:36 UTC)
✔ Wrote: data/_projections/pitcher_props_projected_fixed.csv rows=30
✔ Wrote: data/_projections/pitcher_mega_z_fixed.csv rows=572
✔ Wrote: data/_projections/batter_props_projected_fixed.csv rows=90
✔ Wrote: data/_projections/batter_props_expanded_fixed.csv rows=90
✔ Wrote: data/_projections/todaysgames_normalized_fixed.csv rows=15
[END] fix_outputs_generate_fixed_files.py (2025-09-10 14:39:36 UTC)
>> START: fix_outputs_generate_fixed_files.py (2025-09-10 16:02:08 UTC)
✔ Wrote: data/_projections/pitcher_props_projected_fixed.csv rows=30
✔ Wrote: data/_projections/pitcher_mega_z_fixed.csv rows=572
✔ Wrote: data/_projections/batter_props_projected_fixed.csv rows=90
✔ Wrote: data/_projections/batter_props_expanded_fixed.csv rows=90
✔ Wrote: data/_projections/todaysgames_normalized_fixed.csv rows=15
[END] fix_outputs_generate_fixed_files.py (2025-09-10 16:02:08 UTC)
