>> START: fix_missing_pa_in_pitcher_daily.py (2025-09-09 20:23:45 UTC)
Traceback (most recent call last):
  File "/home/runner/work/baseball_for_mat/baseball_for_mat/scripts/fix_missing_pa_in_pitcher_daily.py", line 46, in <module>
    main()
  File "/home/runner/work/baseball_for_mat/baseball_for_mat/scripts/fix_missing_pa_in_pitcher_daily.py", line 23, in main
    raise RuntimeError(f"{PITCHERS_DAILY_IN} missing columns: {miss_daily}")
RuntimeError: data/_projections/pitcher_props_projected_final.csv missing columns: ['game_id', 'opponent_team_id']
[END] fix_missing_pa_in_pitcher_daily.py (2025-09-09 20:23:45 UTC)
>> START: fix_missing_pa_in_pitcher_daily.py (2025-09-09 20:35:43 UTC)
Traceback (most recent call last):
  File "/home/runner/work/baseball_for_mat/baseball_for_mat/scripts/fix_missing_pa_in_pitcher_daily.py", line 46, in <module>
    main()
  File "/home/runner/work/baseball_for_mat/baseball_for_mat/scripts/fix_missing_pa_in_pitcher_daily.py", line 23, in main
    raise RuntimeError(f"{PITCHERS_DAILY_IN} missing columns: {miss_daily}")
RuntimeError: data/_projections/pitcher_props_projected_final.csv missing columns: ['game_id', 'opponent_team_id']
[END] fix_missing_pa_in_pitcher_daily.py (2025-09-09 20:35:43 UTC)
>> START: fix_missing_pa_in_pitcher_daily.py (2025-09-09 20:59:18 UTC)
Traceback (most recent call last):
  File "/home/runner/work/baseball_for_mat/baseball_for_mat/scripts/fix_missing_pa_in_pitcher_daily.py", line 46, in <module>
    main()
  File "/home/runner/work/baseball_for_mat/baseball_for_mat/scripts/fix_missing_pa_in_pitcher_daily.py", line 23, in main
    raise RuntimeError(f"{PITCHERS_DAILY_IN} missing columns: {miss_daily}")
RuntimeError: data/_projections/pitcher_props_projected_final.csv missing columns: ['game_id', 'opponent_team_id']
[END] fix_missing_pa_in_pitcher_daily.py (2025-09-09 20:59:18 UTC)
>> START: fix_missing_pa_in_pitcher_daily.py (2025-09-10 12:27:11 UTC)
Traceback (most recent call last):
  File "/home/runner/work/baseball_for_mat/baseball_for_mat/scripts/fix_missing_pa_in_pitcher_daily.py", line 46, in <module>
    main()
  File "/home/runner/work/baseball_for_mat/baseball_for_mat/scripts/fix_missing_pa_in_pitcher_daily.py", line 23, in main
    raise RuntimeError(f"{PITCHERS_DAILY_IN} missing columns: {miss_daily}")
RuntimeError: data/_projections/pitcher_props_projected_final.csv missing columns: ['game_id', 'opponent_team_id']
[END] fix_missing_pa_in_pitcher_daily.py (2025-09-10 12:27:11 UTC)
>> START: fix_missing_pa_in_pitcher_daily.py (2025-09-10 12:46:48 UTC)
Traceback (most recent call last):
  File "/home/runner/work/baseball_for_mat/baseball_for_mat/scripts/fix_missing_pa_in_pitcher_daily.py", line 46, in <module>
    main()
  File "/home/runner/work/baseball_for_mat/baseball_for_mat/scripts/fix_missing_pa_in_pitcher_daily.py", line 23, in main
    raise RuntimeError(f"{PITCHERS_DAILY_IN} missing columns: {miss_daily}")
RuntimeError: data/_projections/pitcher_props_projected_final.csv missing columns: ['opponent_team_id']
[END] fix_missing_pa_in_pitcher_daily.py (2025-09-10 12:46:48 UTC)
>> START: fix_missing_pa_in_pitcher_daily.py (2025-09-10 13:01:14 UTC)
Traceback (most recent call last):
  File "/home/runner/work/baseball_for_mat/baseball_for_mat/scripts/fix_missing_pa_in_pitcher_daily.py", line 46, in <module>
    main()
  File "/home/runner/work/baseball_for_mat/baseball_for_mat/scripts/fix_missing_pa_in_pitcher_daily.py", line 23, in main
    raise RuntimeError(f"{PITCHERS_DAILY_IN} missing columns: {miss_daily}")
RuntimeError: data/_projections/pitcher_props_projected_final.csv missing columns: ['opponent_team_id']
[END] fix_missing_pa_in_pitcher_daily.py (2025-09-10 13:01:14 UTC)
>> START: fix_missing_pa_in_pitcher_daily.py (2025-09-10 14:39:43 UTC)
Traceback (most recent call last):
  File "/home/runner/work/baseball_for_mat/baseball_for_mat/scripts/fix_missing_pa_in_pitcher_daily.py", line 46, in <module>
    main()
  File "/home/runner/work/baseball_for_mat/baseball_for_mat/scripts/fix_missing_pa_in_pitcher_daily.py", line 23, in main
    raise RuntimeError(f"{PITCHERS_DAILY_IN} missing columns: {miss_daily}")
RuntimeError: data/_projections/pitcher_props_projected_final.csv missing columns: ['team_id', 'opponent_team_id']
[END] fix_missing_pa_in_pitcher_daily.py (2025-09-10 14:39:43 UTC)
>> START: fix_missing_pa_in_pitcher_daily.py (2025-09-10 16:02:15 UTC)
Traceback (most recent call last):
  File "/home/runner/work/baseball_for_mat/baseball_for_mat/scripts/fix_missing_pa_in_pitcher_daily.py", line 46, in <module>
    main()
  File "/home/runner/work/baseball_for_mat/baseball_for_mat/scripts/fix_missing_pa_in_pitcher_daily.py", line 23, in main
    raise RuntimeError(f"{PITCHERS_DAILY_IN} missing columns: {miss_daily}")
RuntimeError: data/_projections/pitcher_props_projected_final.csv missing columns: ['team_id', 'opponent_team_id']
[END] fix_missing_pa_in_pitcher_daily.py (2025-09-10 16:02:15 UTC)
>> START: fix_missing_pa_in_pitcher_daily.py (2025-09-10 16:17:04 UTC)
Traceback (most recent call last):
  File "/home/runner/work/baseball_for_mat/baseball_for_mat/scripts/fix_missing_pa_in_pitcher_daily.py", line 46, in <module>
    main()
  File "/home/runner/work/baseball_for_mat/baseball_for_mat/scripts/fix_missing_pa_in_pitcher_daily.py", line 23, in main
    raise RuntimeError(f"{PITCHERS_DAILY_IN} missing columns: {miss_daily}")
RuntimeError: data/_projections/pitcher_props_projected_final.csv missing columns: ['team_id', 'opponent_team_id']
[END] fix_missing_pa_in_pitcher_daily.py (2025-09-10 16:17:04 UTC)
>> START: fix_missing_pa_in_pitcher_daily.py (2025-09-10 16:42:40 UTC)
Traceback (most recent call last):
  File "/home/runner/work/baseball_for_mat/baseball_for_mat/scripts/fix_missing_pa_in_pitcher_daily.py", line 46, in <module>
    main()
  File "/home/runner/work/baseball_for_mat/baseball_for_mat/scripts/fix_missing_pa_in_pitcher_daily.py", line 23, in main
    raise RuntimeError(f"{PITCHERS_DAILY_IN} missing columns: {miss_daily}")
RuntimeError: data/_projections/pitcher_props_projected_final.csv missing columns: ['team_id', 'opponent_team_id']
[END] fix_missing_pa_in_pitcher_daily.py (2025-09-10 16:42:40 UTC)
