>> START: impute_missing_batter_adj_woba.py (2025-09-09 20:23:45 UTC)
[UPDATED] data/_projections/batter_props_expanded_final.csv
[BACKUP ] data/_projections/batter_props_expanded_final.csv.bak
[LOG    ] data/_projections/batter_props_expanded_final_imputed_adj_woba_rows.csv
[UPDATED] data/_projections/batter_props_projected_final.csv
[BACKUP ] data/_projections/batter_props_projected_final.csv.bak
[LOG    ] data/_projections/batter_props_projected_final_imputed_adj_woba_rows.csv
[END] impute_missing_batter_adj_woba.py (2025-09-09 20:23:45 UTC)
>> START: impute_missing_batter_adj_woba.py (2025-09-09 20:35:43 UTC)
[UPDATED] data/_projections/batter_props_expanded_final.csv
[BACKUP ] data/_projections/batter_props_expanded_final.csv.bak
[LOG    ] data/_projections/batter_props_expanded_final_imputed_adj_woba_rows.csv
[UPDATED] data/_projections/batter_props_projected_final.csv
[BACKUP ] data/_projections/batter_props_projected_final.csv.bak
[LOG    ] data/_projections/batter_props_projected_final_imputed_adj_woba_rows.csv
[END] impute_missing_batter_adj_woba.py (2025-09-09 20:35:43 UTC)
>> START: impute_missing_batter_adj_woba.py (2025-09-09 20:59:17 UTC)
[UPDATED] data/_projections/batter_props_expanded_final.csv
[BACKUP ] data/_projections/batter_props_expanded_final.csv.bak
[LOG    ] data/_projections/batter_props_expanded_final_imputed_adj_woba_rows.csv
[UPDATED] data/_projections/batter_props_projected_final.csv
[BACKUP ] data/_projections/batter_props_projected_final.csv.bak
[LOG    ] data/_projections/batter_props_projected_final_imputed_adj_woba_rows.csv
[END] impute_missing_batter_adj_woba.py (2025-09-09 20:59:17 UTC)
>> START: impute_missing_batter_adj_woba.py (2025-09-10 12:27:11 UTC)
[UPDATED] data/_projections/batter_props_expanded_final.csv
[BACKUP ] data/_projections/batter_props_expanded_final.csv.bak
[LOG    ] data/_projections/batter_props_expanded_final_imputed_adj_woba_rows.csv
[UPDATED] data/_projections/batter_props_projected_final.csv
[BACKUP ] data/_projections/batter_props_projected_final.csv.bak
[LOG    ] data/_projections/batter_props_projected_final_imputed_adj_woba_rows.csv
[END] impute_missing_batter_adj_woba.py (2025-09-10 12:27:11 UTC)
>> START: impute_missing_batter_adj_woba.py (2025-09-10 12:46:47 UTC)
[UPDATED] data/_projections/batter_props_expanded_final.csv
[BACKUP ] data/_projections/batter_props_expanded_final.csv.bak
[LOG    ] data/_projections/batter_props_expanded_final_imputed_adj_woba_rows.csv
[UPDATED] data/_projections/batter_props_projected_final.csv
[BACKUP ] data/_projections/batter_props_projected_final.csv.bak
[LOG    ] data/_projections/batter_props_projected_final_imputed_adj_woba_rows.csv
[END] impute_missing_batter_adj_woba.py (2025-09-10 12:46:47 UTC)
>> START: impute_missing_batter_adj_woba.py (2025-09-10 13:01:14 UTC)
[UPDATED] data/_projections/batter_props_expanded_final.csv
[BACKUP ] data/_projections/batter_props_expanded_final.csv.bak
[LOG    ] data/_projections/batter_props_expanded_final_imputed_adj_woba_rows.csv
[UPDATED] data/_projections/batter_props_projected_final.csv
[BACKUP ] data/_projections/batter_props_projected_final.csv.bak
[LOG    ] data/_projections/batter_props_projected_final_imputed_adj_woba_rows.csv
[END] impute_missing_batter_adj_woba.py (2025-09-10 13:01:14 UTC)
>> START: impute_missing_batter_adj_woba.py (2025-09-10 14:39:43 UTC)
[UPDATED] data/_projections/batter_props_expanded_final.csv
[BACKUP ] data/_projections/batter_props_expanded_final.csv.bak
[LOG    ] data/_projections/batter_props_expanded_final_imputed_adj_woba_rows.csv
[UPDATED] data/_projections/batter_props_projected_final.csv
[BACKUP ] data/_projections/batter_props_projected_final.csv.bak
[LOG    ] data/_projections/batter_props_projected_final_imputed_adj_woba_rows.csv
[END] impute_missing_batter_adj_woba.py (2025-09-10 14:39:43 UTC)
