>> START: inject_game_ids_from_schedule.py (2025-09-09 20:23:44 UTC)
SKIP data/_projections/batter_props_projected_final.csv: no team_id columns to match
SKIP data/_projections/batter_props_expanded_final.csv: no team_id columns to match
✅ data/_projections/pitcher_props_projected_final.csv: rows=26, game_id_assigned=0, unmatched_team_ids=0, ambiguous_team_ids=0
SKIP data/_projections/pitcher_mega_z_final.csv: no team_id columns to match
[END] inject_game_ids_from_schedule.py (2025-09-09 20:23:44 UTC)
>> START: inject_game_ids_from_schedule.py (2025-09-09 20:35:41 UTC)
SKIP data/_projections/batter_props_projected_final.csv: no team_id columns to match
SKIP data/_projections/batter_props_expanded_final.csv: no team_id columns to match
✅ data/_projections/pitcher_props_projected_final.csv: rows=26, game_id_assigned=0, unmatched_team_ids=0, ambiguous_team_ids=0
SKIP data/_projections/pitcher_mega_z_final.csv: no team_id columns to match
[END] inject_game_ids_from_schedule.py (2025-09-09 20:35:41 UTC)
>> START: inject_game_ids_from_schedule.py (2025-09-09 20:59:16 UTC)
SKIP data/_projections/batter_props_projected_final.csv: no team_id columns to match
SKIP data/_projections/batter_props_expanded_final.csv: no team_id columns to match
✅ data/_projections/pitcher_props_projected_final.csv: rows=26, game_id_assigned=0, unmatched_team_ids=0, ambiguous_team_ids=0
SKIP data/_projections/pitcher_mega_z_final.csv: no team_id columns to match
[END] inject_game_ids_from_schedule.py (2025-09-09 20:59:16 UTC)
>> START: inject_game_ids_from_schedule.py (2025-09-10 12:27:10 UTC)
SKIP data/_projections/batter_props_projected_final.csv: no team_id columns to match
SKIP data/_projections/batter_props_expanded_final.csv: no team_id columns to match
✅ data/_projections/pitcher_props_projected_final.csv: rows=26, game_id_assigned=0, unmatched_team_ids=0, ambiguous_team_ids=0
SKIP data/_projections/pitcher_mega_z_final.csv: no team_id columns to match
[END] inject_game_ids_from_schedule.py (2025-09-10 12:27:10 UTC)
>> START: inject_game_ids_from_schedule.py (2025-09-10 12:46:46 UTC)
SKIP data/_projections/batter_props_projected_final.csv: no team_id columns to match
SKIP data/_projections/batter_props_expanded_final.csv: no team_id columns to match
SKIP data/_projections/pitcher_props_projected_final.csv: no team_id columns to match
SKIP data/_projections/pitcher_mega_z_final.csv: no team_id columns to match
[END] inject_game_ids_from_schedule.py (2025-09-10 12:46:46 UTC)
>> START: inject_game_ids_from_schedule.py (2025-09-10 13:01:12 UTC)
SKIP data/_projections/batter_props_projected_final.csv: no team_id columns to match
SKIP data/_projections/batter_props_expanded_final.csv: no team_id columns to match
SKIP data/_projections/pitcher_props_projected_final.csv: no team_id columns to match
SKIP data/_projections/pitcher_mega_z_final.csv: no team_id columns to match
[END] inject_game_ids_from_schedule.py (2025-09-10 13:01:12 UTC)
>> START: inject_game_ids_from_schedule.py (2025-09-10 14:39:41 UTC)
SKIP data/_projections/batter_props_projected_final.csv: no team_id columns to match
SKIP data/_projections/batter_props_expanded_final.csv: no team_id columns to match
SKIP data/_projections/pitcher_props_projected_final.csv: no team_id columns to match
SKIP data/_projections/pitcher_mega_z_final.csv: no team_id columns to match
[END] inject_game_ids_from_schedule.py (2025-09-10 14:39:41 UTC)
>> START: inject_game_ids_from_schedule.py (2025-09-10 16:02:13 UTC)
SKIP data/_projections/batter_props_projected_final.csv: no team_id columns to match
SKIP data/_projections/batter_props_expanded_final.csv: no team_id columns to match
SKIP data/_projections/pitcher_props_projected_final.csv: no team_id columns to match
SKIP data/_projections/pitcher_mega_z_final.csv: no team_id columns to match
[END] inject_game_ids_from_schedule.py (2025-09-10 16:02:13 UTC)
>> START: inject_game_ids_from_schedule.py (2025-09-10 16:17:03 UTC)
SKIP data/_projections/batter_props_projected_final.csv: no team_id columns to match
SKIP data/_projections/batter_props_expanded_final.csv: no team_id columns to match
SKIP data/_projections/pitcher_props_projected_final.csv: no team_id columns to match
SKIP data/_projections/pitcher_mega_z_final.csv: no team_id columns to match
[END] inject_game_ids_from_schedule.py (2025-09-10 16:17:03 UTC)
>> START: inject_game_ids_from_schedule.py (2025-09-10 16:42:39 UTC)
SKIP data/_projections/batter_props_projected_final.csv: no team_id columns to match
SKIP data/_projections/batter_props_expanded_final.csv: no team_id columns to match
SKIP data/_projections/pitcher_props_projected_final.csv: no team_id columns to match
SKIP data/_projections/pitcher_mega_z_final.csv: no team_id columns to match
[END] inject_game_ids_from_schedule.py (2025-09-10 16:42:39 UTC)
>> START: inject_game_ids_from_schedule.py (2025-09-10 16:59:08 UTC)
SKIP data/_projections/batter_props_projected_final.csv: no team_id columns to match
SKIP data/_projections/batter_props_expanded_final.csv: no team_id columns to match
SKIP data/_projections/pitcher_props_projected_final.csv: no team_id columns to match
SKIP data/_projections/pitcher_mega_z_final.csv: no team_id columns to match
[END] inject_game_ids_from_schedule.py (2025-09-10 16:59:08 UTC)
