>> START: inject_batter_woba_adjustments.py (2025-09-09 20:23:44 UTC)
=== inject_batter_woba_adjustments: resolution summary (by column) ===
player_ids considered: 474
adj_woba_weather: only_away=199, only_home=200, both_equal=0, conflicts=0, all_na=75
adj_woba_park: only_away=199, only_home=200, both_equal=0, conflicts=0, all_na=75
adj_woba_combined: only_away=199, only_home=200, both_equal=0, conflicts=0, all_na=75
✅ Updated data/_projections/batter_props_expanded_final.csv with adj_woba_* (rows=90)
✅ Updated data/_projections/batter_props_projected_final.csv with adj_woba_* (rows=90)
[END] inject_batter_woba_adjustments.py (2025-09-09 20:23:44 UTC)
>> START: inject_batter_woba_adjustments.py (2025-09-09 20:35:42 UTC)
=== inject_batter_woba_adjustments: resolution summary (by column) ===
player_ids considered: 474
adj_woba_weather: only_away=199, only_home=200, both_equal=0, conflicts=0, all_na=75
adj_woba_park: only_away=199, only_home=200, both_equal=0, conflicts=0, all_na=75
adj_woba_combined: only_away=199, only_home=200, both_equal=0, conflicts=0, all_na=75
✅ Updated data/_projections/batter_props_expanded_final.csv with adj_woba_* (rows=90)
✅ Updated data/_projections/batter_props_projected_final.csv with adj_woba_* (rows=90)
[END] inject_batter_woba_adjustments.py (2025-09-09 20:35:42 UTC)
>> START: inject_batter_woba_adjustments.py (2025-09-09 20:59:17 UTC)
=== inject_batter_woba_adjustments: resolution summary (by column) ===
player_ids considered: 474
adj_woba_weather: only_away=199, only_home=200, both_equal=0, conflicts=0, all_na=75
adj_woba_park: only_away=199, only_home=200, both_equal=0, conflicts=0, all_na=75
adj_woba_combined: only_away=199, only_home=200, both_equal=0, conflicts=0, all_na=75
✅ Updated data/_projections/batter_props_expanded_final.csv with adj_woba_* (rows=90)
✅ Updated data/_projections/batter_props_projected_final.csv with adj_woba_* (rows=90)
[END] inject_batter_woba_adjustments.py (2025-09-09 20:59:17 UTC)
>> START: inject_batter_woba_adjustments.py (2025-09-10 12:27:10 UTC)
=== inject_batter_woba_adjustments: resolution summary (by column) ===
player_ids considered: 475
adj_woba_weather: only_away=201, only_home=200, both_equal=0, conflicts=0, all_na=74
adj_woba_park: only_away=201, only_home=200, both_equal=0, conflicts=0, all_na=74
adj_woba_combined: only_away=201, only_home=200, both_equal=0, conflicts=0, all_na=74
✅ Updated data/_projections/batter_props_expanded_final.csv with adj_woba_* (rows=90)
✅ Updated data/_projections/batter_props_projected_final.csv with adj_woba_* (rows=90)
[END] inject_batter_woba_adjustments.py (2025-09-10 12:27:10 UTC)
>> START: inject_batter_woba_adjustments.py (2025-09-10 12:46:46 UTC)
=== inject_batter_woba_adjustments: resolution summary (by column) ===
player_ids considered: 475
adj_woba_weather: only_away=201, only_home=200, both_equal=0, conflicts=0, all_na=74
adj_woba_park: only_away=201, only_home=200, both_equal=0, conflicts=0, all_na=74
adj_woba_combined: only_away=201, only_home=200, both_equal=0, conflicts=0, all_na=74
✅ Updated data/_projections/batter_props_expanded_final.csv with adj_woba_* (rows=90)
✅ Updated data/_projections/batter_props_projected_final.csv with adj_woba_* (rows=90)
[END] inject_batter_woba_adjustments.py (2025-09-10 12:46:46 UTC)
>> START: inject_batter_woba_adjustments.py (2025-09-10 13:01:13 UTC)
=== inject_batter_woba_adjustments: resolution summary (by column) ===
player_ids considered: 475
adj_woba_weather: only_away=201, only_home=200, both_equal=0, conflicts=0, all_na=74
adj_woba_park: only_away=201, only_home=200, both_equal=0, conflicts=0, all_na=74
adj_woba_combined: only_away=201, only_home=200, both_equal=0, conflicts=0, all_na=74
✅ Updated data/_projections/batter_props_expanded_final.csv with adj_woba_* (rows=90)
✅ Updated data/_projections/batter_props_projected_final.csv with adj_woba_* (rows=90)
[END] inject_batter_woba_adjustments.py (2025-09-10 13:01:13 UTC)
>> START: inject_batter_woba_adjustments.py (2025-09-10 14:39:42 UTC)
=== inject_batter_woba_adjustments: resolution summary (by column) ===
player_ids considered: 475
adj_woba_weather: only_away=201, only_home=200, both_equal=0, conflicts=0, all_na=74
adj_woba_park: only_away=201, only_home=200, both_equal=0, conflicts=0, all_na=74
adj_woba_combined: only_away=201, only_home=200, both_equal=0, conflicts=0, all_na=74
✅ Updated data/_projections/batter_props_expanded_final.csv with adj_woba_* (rows=90)
✅ Updated data/_projections/batter_props_projected_final.csv with adj_woba_* (rows=90)
[END] inject_batter_woba_adjustments.py (2025-09-10 14:39:42 UTC)
>> START: inject_batter_woba_adjustments.py (2025-09-10 16:02:14 UTC)
=== inject_batter_woba_adjustments: resolution summary (by column) ===
player_ids considered: 475
adj_woba_weather: only_away=201, only_home=200, both_equal=0, conflicts=0, all_na=74
adj_woba_park: only_away=201, only_home=200, both_equal=0, conflicts=0, all_na=74
adj_woba_combined: only_away=201, only_home=200, both_equal=0, conflicts=0, all_na=74
✅ Updated data/_projections/batter_props_expanded_final.csv with adj_woba_* (rows=90)
✅ Updated data/_projections/batter_props_projected_final.csv with adj_woba_* (rows=90)
[END] inject_batter_woba_adjustments.py (2025-09-10 16:02:14 UTC)
>> START: inject_batter_woba_adjustments.py (2025-09-10 16:17:03 UTC)
=== inject_batter_woba_adjustments: resolution summary (by column) ===
player_ids considered: 475
adj_woba_weather: only_away=201, only_home=200, both_equal=0, conflicts=0, all_na=74
adj_woba_park: only_away=201, only_home=200, both_equal=0, conflicts=0, all_na=74
adj_woba_combined: only_away=201, only_home=200, both_equal=0, conflicts=0, all_na=74
✅ Updated data/_projections/batter_props_expanded_final.csv with adj_woba_* (rows=90)
✅ Updated data/_projections/batter_props_projected_final.csv with adj_woba_* (rows=90)
[END] inject_batter_woba_adjustments.py (2025-09-10 16:17:03 UTC)
>> START: inject_batter_woba_adjustments.py (2025-09-10 16:42:39 UTC)
=== inject_batter_woba_adjustments: resolution summary (by column) ===
player_ids considered: 475
adj_woba_weather: only_away=201, only_home=200, both_equal=0, conflicts=0, all_na=74
adj_woba_park: only_away=201, only_home=200, both_equal=0, conflicts=0, all_na=74
adj_woba_combined: only_away=201, only_home=200, both_equal=0, conflicts=0, all_na=74
✅ Updated data/_projections/batter_props_expanded_final.csv with adj_woba_* (rows=90)
✅ Updated data/_projections/batter_props_projected_final.csv with adj_woba_* (rows=90)
[END] inject_batter_woba_adjustments.py (2025-09-10 16:42:39 UTC)
