>> START: pitcher_mega_z.py (2025-09-09 20:23:42 UTC)
ERROR: "startingpitchers_with_opp_context.csv missing required columns: ['player_id']"
[END] pitcher_mega_z.py (2025-09-09 20:23:42 UTC)
>> START: pitcher_mega_z.py (2025-09-09 20:35:40 UTC)
ERROR: "startingpitchers_with_opp_context.csv missing required columns: ['player_id']"
[END] pitcher_mega_z.py (2025-09-09 20:35:40 UTC)
>> START: pitcher_mega_z.py (2025-09-09 20:59:14 UTC)
ERROR: "startingpitchers_with_opp_context.csv missing required columns: ['player_id']"
[END] pitcher_mega_z.py (2025-09-09 20:59:14 UTC)
>> START: pitcher_mega_z.py (2025-09-10 12:27:08 UTC)
✅ Wrote: data/_projections/pitcher_mega_z.csv  (rows=570)  source=data/cleaned/pitchers_normalized_cleaned.csv
ℹ️  Added 1 missing starter(s) from data/raw/startingpitchers_with_opp_context.csv: <NA>
   Missing list: summaries/projections/mega_z_starter_missing.csv
   Coverage map: summaries/projections/mega_z_starter_coverage.csv
[END] pitcher_mega_z.py (2025-09-10 12:27:08 UTC)
>> START: pitcher_mega_z.py (2025-09-10 12:46:44 UTC)
✅ Wrote: data/_projections/pitcher_mega_z.csv  (rows=570)  source=data/cleaned/pitchers_normalized_cleaned.csv
ℹ️  Added 1 missing starter(s) from data/raw/startingpitchers_with_opp_context.csv: <NA>
   Missing list: summaries/projections/mega_z_starter_missing.csv
   Coverage map: summaries/projections/mega_z_starter_coverage.csv
[END] pitcher_mega_z.py (2025-09-10 12:46:44 UTC)
>> START: pitcher_mega_z.py (2025-09-10 13:01:10 UTC)
✅ Wrote: data/_projections/pitcher_mega_z.csv  (rows=572)  source=data/cleaned/pitchers_normalized_cleaned.csv
ℹ️  Added 3 missing starter(s) from data/raw/startingpitchers_with_opp_context.csv: 605483, 669330, 693313
   Missing list: summaries/projections/mega_z_starter_missing.csv
   Coverage map: summaries/projections/mega_z_starter_coverage.csv
[END] pitcher_mega_z.py (2025-09-10 13:01:10 UTC)
>> START: pitcher_mega_z.py (2025-09-10 14:39:39 UTC)
✅ Wrote: data/_projections/pitcher_mega_z.csv  (rows=572)  source=data/cleaned/pitchers_normalized_cleaned.csv
ℹ️  Added 3 missing starter(s) from data/raw/startingpitchers_with_opp_context.csv: 605483, 669330, 693313
   Missing list: summaries/projections/mega_z_starter_missing.csv
   Coverage map: summaries/projections/mega_z_starter_coverage.csv
[END] pitcher_mega_z.py (2025-09-10 14:39:39 UTC)
>> START: pitcher_mega_z.py (2025-09-10 16:02:11 UTC)
✅ Wrote: data/_projections/pitcher_mega_z.csv  (rows=572)  source=data/cleaned/pitchers_normalized_cleaned.csv
ℹ️  Added 3 missing starter(s) from data/raw/startingpitchers_with_opp_context.csv: 605483, 669330, 693313
   Missing list: summaries/projections/mega_z_starter_missing.csv
   Coverage map: summaries/projections/mega_z_starter_coverage.csv
[END] pitcher_mega_z.py (2025-09-10 16:02:11 UTC)
>> START: pitcher_mega_z.py (2025-09-10 16:17:00 UTC)
✅ Wrote: data/_projections/pitcher_mega_z.csv  (rows=572)  source=data/cleaned/pitchers_normalized_cleaned.csv
ℹ️  Added 3 missing starter(s) from data/raw/startingpitchers_with_opp_context.csv: 605483, 669330, 693313
   Missing list: summaries/projections/mega_z_starter_missing.csv
   Coverage map: summaries/projections/mega_z_starter_coverage.csv
[END] pitcher_mega_z.py (2025-09-10 16:17:00 UTC)
>> START: pitcher_mega_z.py (2025-09-10 16:42:36 UTC)
✅ Wrote: data/_projections/pitcher_mega_z.csv  (rows=572)  source=data/cleaned/pitchers_normalized_cleaned.csv
ℹ️  Added 3 missing starter(s) from data/raw/startingpitchers_with_opp_context.csv: 605483, 669330, 693313
   Missing list: summaries/projections/mega_z_starter_missing.csv
   Coverage map: summaries/projections/mega_z_starter_coverage.csv
[END] pitcher_mega_z.py (2025-09-10 16:42:36 UTC)
