>> START: project_prep.py (2025-09-09 20:23:40 UTC)
[project_prep] VERSION=v3 @ /home/runner/work/baseball_for_mat/baseball_for_mat/scripts/project_prep.py
[Running] /home/runner/work/baseball_for_mat/baseball_for_mat/scripts/project_prep.py
[DTypeCheck] LEFT (merged) before venue merge
  - home_team_id: dtype=object; samples=['147', '112', '146', '116', '113']
[DTypeCheck] RIGHT (stadium_sub) before venue merge
  - team_id: dtype=object; samples=['147', '111', '141', '110', '139']
project_prep: wrote data/end_chain/final/startingpitchers.csv and data/raw/startingpitchers_with_opp_context.csv (rows=15)
[END] project_prep.py (2025-09-09 20:23:40 UTC)
>> START: project_prep.py (2025-09-09 20:35:38 UTC)
[project_prep] VERSION=v3 @ /home/runner/work/baseball_for_mat/baseball_for_mat/scripts/project_prep.py
[Running] /home/runner/work/baseball_for_mat/baseball_for_mat/scripts/project_prep.py
[DTypeCheck] LEFT (merged) before venue merge
  - home_team_id: dtype=object; samples=['147', '112', '146', '116', '113']
[DTypeCheck] RIGHT (stadium_sub) before venue merge
  - team_id: dtype=object; samples=['147', '111', '141', '110', '139']
project_prep: wrote data/end_chain/final/startingpitchers.csv and data/raw/startingpitchers_with_opp_context.csv (rows=15)
[END] project_prep.py (2025-09-09 20:35:38 UTC)
>> START: project_prep.py (2025-09-09 20:59:12 UTC)
Traceback (most recent call last):
  File "/home/runner/work/baseball_for_mat/baseball_for_mat/scripts/project_prep.py", line 94, in <module>
    main()
  File "/home/runner/work/baseball_for_mat/baseball_for_mat/scripts/project_prep.py", line 91, in main
    project_prep()
  File "/home/runner/work/baseball_for_mat/baseball_for_mat/scripts/project_prep.py", line 15, in project_prep
    sched = pd.read_csv(schedule_file, dtype=str)
  File "/opt/hostedtoolcache/Python/3.10.18/x64/lib/python3.10/site-packages/pandas/io/parsers/readers.py", line 1026, in read_csv
    return _read(filepath_or_buffer, kwds)
  File "/opt/hostedtoolcache/Python/3.10.18/x64/lib/python3.10/site-packages/pandas/io/parsers/readers.py", line 620, in _read
    parser = TextFileReader(filepath_or_buffer, **kwds)
  File "/opt/hostedtoolcache/Python/3.10.18/x64/lib/python3.10/site-packages/pandas/io/parsers/readers.py", line 1620, in __init__
    self._engine = self._make_engine(f, self.engine)
  File "/opt/hostedtoolcache/Python/3.10.18/x64/lib/python3.10/site-packages/pandas/io/parsers/readers.py", line 1880, in _make_engine
    self.handles = get_handle(
  File "/opt/hostedtoolcache/Python/3.10.18/x64/lib/python3.10/site-packages/pandas/io/common.py", line 873, in get_handle
    handle = open(
FileNotFoundError: [Errno 2] No such file or directory: 'data/cleaned/mlb_sched.csv'
[END] project_prep.py (2025-09-09 20:59:12 UTC)
>> START: project_prep.py (2025-09-10 12:27:06 UTC)
>> START: project_prep.py (2025-09-10 12:27:06 UTC)
[project_prep] VERSION=v3 @ /home/runner/work/baseball_for_mat/baseball_for_mat/scripts/project_prep.py
project_prep: wrote data/end_chain/final/startingpitchers.csv (rows=24)
project_prep: missing required columns in `sp` for with_opp_context: ['away_team_id', 'pitcher_away_id', 'home_team_id', 'pitcher_home_id']
[END] project_prep.py (2025-09-10 12:27:06 UTC)
>> START: project_prep.py (2025-09-10 12:46:42 UTC)
>> START: project_prep.py (2025-09-10 12:46:42 UTC)
[project_prep] VERSION=v3 @ /home/runner/work/baseball_for_mat/baseball_for_mat/scripts/project_prep.py
project_prep: wrote data/end_chain/final/startingpitchers.csv (rows=24)
project_prep: missing required columns in `sp` for with_opp_context: ['pitcher_away_id', 'away_team_id', 'pitcher_home_id', 'home_team_id']
[END] project_prep.py (2025-09-10 12:46:42 UTC)
>> START: project_prep.py (2025-09-10 13:01:08 UTC)
>> START: project_prep.py (2025-09-10 13:01:08 UTC)
[project_prep] VERSION=v3-longfmt @ /home/runner/work/baseball_for_mat/baseball_for_mat/scripts/project_prep.py
project_prep: wrote data/end_chain/final/startingpitchers.csv (rows=24)
project_prep: wrote data/raw/startingpitchers_with_opp_context.csv (rows=24)
[END] project_prep.py (2025-09-10 13:01:08 UTC)
[END] project_prep.py (2025-09-10 13:01:08 UTC)
>> START: project_prep.py (2025-09-10 14:39:37 UTC)
>> START: project_prep.py (2025-09-10 14:39:37 UTC)
[project_prep] VERSION=v3-fixed @ /home/runner/work/baseball_for_mat/baseball_for_mat/scripts/project_prep.py
project_prep: wrote /home/runner/work/baseball_for_mat/baseball_for_mat/data/end_chain/final/startingpitchers.csv (rows=24)
project_prep: missing required columns in `sp` for with_opp_context: ['away_team_id', 'pitcher_home_id', 'pitcher_away_id', 'home_team_id']
[END] project_prep.py (2025-09-10 14:39:37 UTC)
>> START: project_prep.py (2025-09-10 16:02:09 UTC)
>> START: project_prep.py (2025-09-10 16:02:09 UTC)
[project_prep] VERSION=v3-fixed @ /home/runner/work/baseball_for_mat/baseball_for_mat/scripts/project_prep.py
project_prep: wrote /home/runner/work/baseball_for_mat/baseball_for_mat/data/end_chain/final/startingpitchers.csv (rows=24)
project_prep: missing required columns in `sp` for with_opp_context: ['pitcher_away_id', 'away_team_id', 'home_team_id', 'pitcher_home_id']
[END] project_prep.py (2025-09-10 16:02:09 UTC)
>> START: project_prep.py (2025-09-10 16:16:58 UTC)
>> START: project_prep.py (2025-09-10 16:16:59 UTC)
[project_prep] VERSION=v3-fixed @ /home/runner/work/baseball_for_mat/baseball_for_mat/scripts/project_prep.py
project_prep: wrote /home/runner/work/baseball_for_mat/baseball_for_mat/data/end_chain/final/startingpitchers.csv (rows=24)
project_prep: missing required columns in `sp` for with_opp_context: ['home_team_id', 'away_team_id', 'pitcher_away_id', 'pitcher_home_id']
[END] project_prep.py (2025-09-10 16:16:58 UTC)
>> START: project_prep.py (2025-09-10 16:42:34 UTC)
>> START: project_prep.py (2025-09-10 16:42:34 UTC)
[project_prep] VERSION=v3-forcedfill @ /home/runner/work/baseball_for_mat/baseball_for_mat/scripts/project_prep.py
project_prep: wrote /home/runner/work/baseball_for_mat/baseball_for_mat/data/end_chain/final/startingpitchers.csv (rows=24)
project_prep: missing required columns in `sp` for with_opp_context: ['pitcher_home_id', 'away_team_id', 'pitcher_away_id', 'home_team_id']
[END] project_prep.py (2025-09-10 16:42:34 UTC)
>> START: project_prep.py (2025-09-10 16:59:04 UTC)
>> START: project_prep.py (2025-09-10 16:59:04 UTC)
[project_prep] VERSION=v3-forcedfill @ /home/runner/work/baseball_for_mat/baseball_for_mat/scripts/project_prep.py
project_prep: wrote /home/runner/work/baseball_for_mat/baseball_for_mat/data/end_chain/final/startingpitchers.csv (rows=24)
project_prep: input schema not recognized.
Columns present: ['player_id', 'game_id', 'adj_woba_weather', 'adj_woba_park', 'adj_woba_combined', 'team_context', 'player_age', 'p_game', 'innings_pitched', 'pa', 'ab', 'hit', 'single', 'double', 'triple', 'home_run', 'strikeouts', 'walks', 'k_percent', 'bb_percent', 'batting_avg', 'slg_percent', 'on_base_percent', 'on_base_plus_slg', 'isolated_power', 'babip', 'earned_runs', 'p_run', 'p_save', 'p_blown_save', 'p_out', 'p_win', 'p_loss', 'p_wild_pitch', 'p_balk', 'p_shutout', 'p_era', 'p_opp_batting_avg', 'p_opp_on_base_avg', 'p_total_stolen_base', 'p_pickoff_attempt_1b', 'p_pickoff_attempt_2b', 'p_pickoff_attempt_3b', 'p_pickoff_1b', 'p_pickoff_2b', 'p_pickoff_3b', 'p_lob', 'p_rbi', 'p_stolen_base_2b', 'p_stolen_base_3b', 'p_stolen_base_home', 'p_quality_start', 'p_walkoff', 'p_run_support', 'p_ab_scoring', 'p_automatic_ball', 'p_ball', 'p_called_strike', 'p_catcher_interf', 'p_caught_stealing_2b', 'p_caught_stealing_3b', 'p_caught_stealing_home', 'p_complete_game', 'p_defensive_indiff', 'p_foul', 'p_foul_tip', 'p_game_finished', 'p_game_in_relief', 'p_gnd_into_dp', 'p_gnd_into_tp', 'p_gnd_rule_double', 'p_hit_by_pitch', 'p_hit_fl', 'p_hit_ground', 'p_hit_line_drive', 'p_hit_into_pla', 'p_hit_scoring', 'p_hold', 'p_intent_ball', 'p_intent_walk', 'p_missed_bunt', 'p_out_fl', 'p_out_ground', 'p_out_line_drive', 'p_passed_ball', 'p_pickoff_error_1b', 'p_pickoff_error_2b', 'p_pickoff_error_3b', 'p_pitchout', 'p_relief_no_out', 'p_sac_bunt', 'p_sac_fl', 'p_starting_p', 'p_swinging_strike', 'p_unearned_run', 'p_total_ball', 'p_total_bases', 'p_total_caught_stealing', 'p_total_pickoff', 'p_total_pickoff_attempt', 'p_total_pickoff_error', 'p_total_pitches', 'p_total_sacrifices', 'p_total_strike', 'p_total_swinging_strike', 'p_inh_runner', 'p_inh_runner_scored', 'p_beq_runner', 'p_beq_runner_scored', 'p_reached_on_error', 'xba', 'xslg', 'woba', 'xwoba', 'xobp', 'xiso', 'wobacon', 'xwobacon', 'bacon', 'xbacon', 'xbadiff', 'xslgdiff', 'wobadiff', 'avg_swing_speed', 'fast_swing_rate', 'blasts_contact', 'blasts_swing', 'squared_up_contact', 'squared_up_swing', 'avg_swing_length', 'swords', 'attack_angle', 'attack_direction', 'ideal_angle_rate', 'vertical_swing_path', 'exit_velocity_avg', 'launch_angle_avg', 'sweet_spot_percent', 'barrel', 'barrel_batted_rate', 'solidcontact_percent', 'flareburner_percent', 'poorlyunder_percent', 'poorlytopped_percent', 'poorlyweak_percent', 'hard_hit_percent', 'avg_best_speed', 'avg_hyper_speed', 'z_swing_percent', 'z_swing_miss_percent', 'oz_swing_percent', 'oz_swing_miss_percent', 'oz_contact_percent', 'out_zone_swing_miss', 'out_zone_swing', 'out_zone_percent', 'out_zone', 'meatball_swing_percent', 'meatball_percent', 'pitch_count_offspeed', 'pitch_count_fastball', 'pitch_count_breaking', 'pitch_count', 'iz_contact_percent', 'in_zone_swing_miss', 'in_zone_swing', 'in_zone_percent', 'in_zone', 'edge_percent', 'edge', 'whiff_percent', 'swing_percent', 'pull_percent', 'straightaway_percent', 'opposite_percent', 'batted_ball', 'f_strike_percent', 'groundballs_percent', 'groundballs', 'flyballs_percent', 'flyballs', 'linedrives_percent', 'linedrives', 'popups_percent', 'popups', 'pitch_hand', 'n', 'arm_angle', 'n_ff_formatted', 'ff_avg_speed', 'ff_avg_spin', 'ff_avg_break', 'ff_avg_break_z', 'ff_avg_break_z_induced', 'ff_range_speed', 'n_sl_formatted', 'sl_avg_speed', 'sl_avg_spin', 'sl_avg_break', 'sl_avg_break_z', 'sl_avg_break_z_induced', 'sl_range_speed', 'n_ch_formatted', 'ch_avg_speed', 'ch_avg_spin', 'ch_avg_break', 'ch_avg_break_z', 'ch_avg_break_z_induced', 'ch_range_speed', 'n_cu_formatted', 'cu_avg_speed', 'cu_avg_spin', 'cu_avg_break', 'cu_avg_break_z', 'cu_avg_break_z_induced', 'cu_range_speed', 'n_si_formatted', 'si_avg_speed', 'si_avg_spin', 'si_avg_break', 'si_avg_break_z', 'si_avg_break_z_induced', 'si_range_speed', 'n_fc_formatted', 'fc_avg_speed', 'fc_avg_spin', 'fc_avg_break', 'fc_avg_break_z', 'fc_avg_break_z_induced', 'fc_range_speed', 'n_fs_formatted', 'fs_avg_speed', 'fs_avg_spin', 'fs_avg_break', 'fs_avg_break_z', 'fs_avg_break_z_induced', 'fs_range_speed', 'n_kn_formatted', 'kn_avg_speed', 'kn_avg_spin', 'kn_avg_break', 'kn_avg_break_z', 'kn_avg_break_z_induced', 'kn_range_speed', 'n_st_formatted', 'st_avg_speed', 'st_avg_spin', 'st_avg_break', 'st_avg_break_z', 'st_avg_break_z_induced', 'st_range_speed', 'n_sv_formatted', 'sv_avg_speed', 'sv_avg_spin', 'sv_avg_break', 'sv_avg_break_z', 'sv_avg_break_z_induced', 'sv_range_speed', 'n_fo_formatted', 'fo_avg_speed', 'fo_avg_spin', 'fo_avg_break', 'fo_avg_break_z', 'fo_avg_break_z_induced', 'fo_range_speed', 'n_sc_formatted', 'sc_avg_speed', 'sc_avg_spin', 'sc_avg_break', 'sc_avg_break_z', 'sc_avg_break_z_induced', 'sc_range_speed', 'n_fastball_formatted', 'fastball_avg_speed', 'fastball_avg_spin', 'fastball_avg_break', 'fastball_avg_break_z', 'fastball_avg_break_z_induced', 'fastball_range_speed', 'n_breaking_formatted', 'breaking_avg_speed', 'breaking_avg_spin', 'breaking_avg_break', 'breaking_avg_break_z', 'breaking_avg_break_z_induced', 'breaking_range_speed', 'n_offspeed_formatted', 'offspeed_avg_speed', 'offspeed_avg_spin', 'offspeed_avg_break', 'offspeed_avg_break_z', 'offspeed_avg_break_z_induced', 'offspeed_range_speed', 'team_id']
To proceed, `startingpitchers.csv` must be either LONG ['game_id', 'team_id', 'opponent_team_id', 'player_id'] (preferred) or WIDE ['game_id', 'home_team_id', 'away_team_id', 'pitcher_home_id', 'pitcher_away_id'].
[END] project_prep.py (2025-09-10 16:59:04 UTC)
>> START: project_prep.py (2025-09-10 17:28:17 UTC)
>> START: project_prep.py (2025-09-10 17:28:17 UTC)
[project_prep] VERSION=v3-forcedfill @ /home/runner/work/baseball_for_mat/baseball_for_mat/scripts/project_prep.py
project_prep: wrote /home/runner/work/baseball_for_mat/baseball_for_mat/data/end_chain/final/startingpitchers.csv (rows=24)
project_prep: input schema not recognized.
Columns present: ['player_id', 'game_id', 'adj_woba_weather', 'adj_woba_park', 'adj_woba_combined', 'team_context', 'player_age', 'p_game', 'innings_pitched', 'pa', 'ab', 'hit', 'single', 'double', 'triple', 'home_run', 'strikeouts', 'walks', 'k_percent', 'bb_percent', 'batting_avg', 'slg_percent', 'on_base_percent', 'on_base_plus_slg', 'isolated_power', 'babip', 'earned_runs', 'p_run', 'p_save', 'p_blown_save', 'p_out', 'p_win', 'p_loss', 'p_wild_pitch', 'p_balk', 'p_shutout', 'p_era', 'p_opp_batting_avg', 'p_opp_on_base_avg', 'p_total_stolen_base', 'p_pickoff_attempt_1b', 'p_pickoff_attempt_2b', 'p_pickoff_attempt_3b', 'p_pickoff_1b', 'p_pickoff_2b', 'p_pickoff_3b', 'p_lob', 'p_rbi', 'p_stolen_base_2b', 'p_stolen_base_3b', 'p_stolen_base_home', 'p_quality_start', 'p_walkoff', 'p_run_support', 'p_ab_scoring', 'p_automatic_ball', 'p_ball', 'p_called_strike', 'p_catcher_interf', 'p_caught_stealing_2b', 'p_caught_stealing_3b', 'p_caught_stealing_home', 'p_complete_game', 'p_defensive_indiff', 'p_foul', 'p_foul_tip', 'p_game_finished', 'p_game_in_relief', 'p_gnd_into_dp', 'p_gnd_into_tp', 'p_gnd_rule_double', 'p_hit_by_pitch', 'p_hit_fl', 'p_hit_ground', 'p_hit_line_drive', 'p_hit_into_pla', 'p_hit_scoring', 'p_hold', 'p_intent_ball', 'p_intent_walk', 'p_missed_bunt', 'p_out_fl', 'p_out_ground', 'p_out_line_drive', 'p_passed_ball', 'p_pickoff_error_1b', 'p_pickoff_error_2b', 'p_pickoff_error_3b', 'p_pitchout', 'p_relief_no_out', 'p_sac_bunt', 'p_sac_fl', 'p_starting_p', 'p_swinging_strike', 'p_unearned_run', 'p_total_ball', 'p_total_bases', 'p_total_caught_stealing', 'p_total_pickoff', 'p_total_pickoff_attempt', 'p_total_pickoff_error', 'p_total_pitches', 'p_total_sacrifices', 'p_total_strike', 'p_total_swinging_strike', 'p_inh_runner', 'p_inh_runner_scored', 'p_beq_runner', 'p_beq_runner_scored', 'p_reached_on_error', 'xba', 'xslg', 'woba', 'xwoba', 'xobp', 'xiso', 'wobacon', 'xwobacon', 'bacon', 'xbacon', 'xbadiff', 'xslgdiff', 'wobadiff', 'avg_swing_speed', 'fast_swing_rate', 'blasts_contact', 'blasts_swing', 'squared_up_contact', 'squared_up_swing', 'avg_swing_length', 'swords', 'attack_angle', 'attack_direction', 'ideal_angle_rate', 'vertical_swing_path', 'exit_velocity_avg', 'launch_angle_avg', 'sweet_spot_percent', 'barrel', 'barrel_batted_rate', 'solidcontact_percent', 'flareburner_percent', 'poorlyunder_percent', 'poorlytopped_percent', 'poorlyweak_percent', 'hard_hit_percent', 'avg_best_speed', 'avg_hyper_speed', 'z_swing_percent', 'z_swing_miss_percent', 'oz_swing_percent', 'oz_swing_miss_percent', 'oz_contact_percent', 'out_zone_swing_miss', 'out_zone_swing', 'out_zone_percent', 'out_zone', 'meatball_swing_percent', 'meatball_percent', 'pitch_count_offspeed', 'pitch_count_fastball', 'pitch_count_breaking', 'pitch_count', 'iz_contact_percent', 'in_zone_swing_miss', 'in_zone_swing', 'in_zone_percent', 'in_zone', 'edge_percent', 'edge', 'whiff_percent', 'swing_percent', 'pull_percent', 'straightaway_percent', 'opposite_percent', 'batted_ball', 'f_strike_percent', 'groundballs_percent', 'groundballs', 'flyballs_percent', 'flyballs', 'linedrives_percent', 'linedrives', 'popups_percent', 'popups', 'pitch_hand', 'n', 'arm_angle', 'n_ff_formatted', 'ff_avg_speed', 'ff_avg_spin', 'ff_avg_break', 'ff_avg_break_z', 'ff_avg_break_z_induced', 'ff_range_speed', 'n_sl_formatted', 'sl_avg_speed', 'sl_avg_spin', 'sl_avg_break', 'sl_avg_break_z', 'sl_avg_break_z_induced', 'sl_range_speed', 'n_ch_formatted', 'ch_avg_speed', 'ch_avg_spin', 'ch_avg_break', 'ch_avg_break_z', 'ch_avg_break_z_induced', 'ch_range_speed', 'n_cu_formatted', 'cu_avg_speed', 'cu_avg_spin', 'cu_avg_break', 'cu_avg_break_z', 'cu_avg_break_z_induced', 'cu_range_speed', 'n_si_formatted', 'si_avg_speed', 'si_avg_spin', 'si_avg_break', 'si_avg_break_z', 'si_avg_break_z_induced', 'si_range_speed', 'n_fc_formatted', 'fc_avg_speed', 'fc_avg_spin', 'fc_avg_break', 'fc_avg_break_z', 'fc_avg_break_z_induced', 'fc_range_speed', 'n_fs_formatted', 'fs_avg_speed', 'fs_avg_spin', 'fs_avg_break', 'fs_avg_break_z', 'fs_avg_break_z_induced', 'fs_range_speed', 'n_kn_formatted', 'kn_avg_speed', 'kn_avg_spin', 'kn_avg_break', 'kn_avg_break_z', 'kn_avg_break_z_induced', 'kn_range_speed', 'n_st_formatted', 'st_avg_speed', 'st_avg_spin', 'st_avg_break', 'st_avg_break_z', 'st_avg_break_z_induced', 'st_range_speed', 'n_sv_formatted', 'sv_avg_speed', 'sv_avg_spin', 'sv_avg_break', 'sv_avg_break_z', 'sv_avg_break_z_induced', 'sv_range_speed', 'n_fo_formatted', 'fo_avg_speed', 'fo_avg_spin', 'fo_avg_break', 'fo_avg_break_z', 'fo_avg_break_z_induced', 'fo_range_speed', 'n_sc_formatted', 'sc_avg_speed', 'sc_avg_spin', 'sc_avg_break', 'sc_avg_break_z', 'sc_avg_break_z_induced', 'sc_range_speed', 'n_fastball_formatted', 'fastball_avg_speed', 'fastball_avg_spin', 'fastball_avg_break', 'fastball_avg_break_z', 'fastball_avg_break_z_induced', 'fastball_range_speed', 'n_breaking_formatted', 'breaking_avg_speed', 'breaking_avg_spin', 'breaking_avg_break', 'breaking_avg_break_z', 'breaking_avg_break_z_induced', 'breaking_range_speed', 'n_offspeed_formatted', 'offspeed_avg_speed', 'offspeed_avg_spin', 'offspeed_avg_break', 'offspeed_avg_break_z', 'offspeed_avg_break_z_induced', 'offspeed_range_speed', 'team_id']
To proceed, `startingpitchers.csv` must be either LONG ['game_id', 'team_id', 'opponent_team_id', 'player_id'] (preferred) or WIDE ['game_id', 'home_team_id', 'away_team_id', 'pitcher_home_id', 'pitcher_away_id'].
[END] project_prep.py (2025-09-10 17:28:17 UTC)
