>> START: project_pitcher_props.py (2025-09-09 20:23:41 UTC)
ERROR: "startingpitchers_with_opp_context missing required columns: ['player_id']"
[END] project_pitcher_props.py (2025-09-09 20:23:41 UTC)
>> START: project_pitcher_props.py (2025-09-09 20:35:39 UTC)
ERROR: "startingpitchers_with_opp_context missing required columns: ['player_id']"
[END] project_pitcher_props.py (2025-09-09 20:35:39 UTC)
>> START: project_pitcher_props.py (2025-09-09 20:59:14 UTC)
ERROR: "startingpitchers_with_opp_context missing required columns: ['player_id']"
[END] project_pitcher_props.py (2025-09-09 20:59:14 UTC)
>> START: project_pitcher_props.py (2025-09-10 12:27:07 UTC)
Wrote: data/_projections/pitcher_props_projected.csv (rows=30)  source=enriched
[END] project_pitcher_props.py (2025-09-10 12:27:07 UTC)
>> START: project_pitcher_props.py (2025-09-10 12:46:43 UTC)
Wrote: data/_projections/pitcher_props_projected.csv (rows=30)  source=enriched
[END] project_pitcher_props.py (2025-09-10 12:46:43 UTC)
>> START: project_pitcher_props.py (2025-09-10 13:01:09 UTC)
Wrote: data/_projections/pitcher_props_projected.csv (rows=30)  source=enriched
[END] project_pitcher_props.py (2025-09-10 13:01:09 UTC)
>> START: project_pitcher_props.py (2025-09-10 14:39:38 UTC)
Wrote: data/_projections/pitcher_props_projected.csv (rows=30)  source=enriched
[END] project_pitcher_props.py (2025-09-10 14:39:38 UTC)
>> START: project_pitcher_props.py (2025-09-10 16:02:10 UTC)
>> START: project_pitcher_props.py (2025-09-10 16:02:11 UTC)
[project_pitcher_props] VERSION=v3-enriched @ /home/runner/work/baseball_for_mat/baseball_for_mat/scripts/project_pitcher_props.py
Missing required column(s): ['game_id', 'team_id']
[END] project_pitcher_props.py (2025-09-10 16:02:10 UTC)
>> START: project_pitcher_props.py (2025-09-10 16:17:00 UTC)
>> START: project_pitcher_props.py (2025-09-10 16:17:00 UTC)
[project_pitcher_props] VERSION=v3-enriched @ /home/runner/work/baseball_for_mat/baseball_for_mat/scripts/project_pitcher_props.py
Missing required column(s): ['game_id', 'team_id']
[END] project_pitcher_props.py (2025-09-10 16:17:00 UTC)
>> START: project_pitcher_props.py (2025-09-10 16:42:36 UTC)
>> START: project_pitcher_props.py (2025-09-10 16:42:36 UTC)
[project_pitcher_props] VERSION=v3-enriched @ /home/runner/work/baseball_for_mat/baseball_for_mat/scripts/project_pitcher_props.py
Missing required column(s): ['game_id', 'team_id']
[END] project_pitcher_props.py (2025-09-10 16:42:36 UTC)
