>> START: starter_coverage_guard.py (2025-09-09 20:23:42 UTC)
Starter coverage failure: 4 starter(s) absent in pitcher_mega_z.
Wrote summaries/projections/mega_z_starter_coverage.csv and summaries/projections/mega_z_starter_missing.csv with details.
Traceback (most recent call last):
  File "/home/runner/work/baseball_for_mat/baseball_for_mat/scripts/starter_coverage_guard.py", line 89, in <module>
    sys.exit(main())
  File "/home/runner/work/baseball_for_mat/baseball_for_mat/scripts/starter_coverage_guard.py", line 67, in main
    raise RuntimeError(msg)
RuntimeError: Starter coverage failure: 4 starter(s) absent in pitcher_mega_z.
[END] starter_coverage_guard.py (2025-09-09 20:23:42 UTC)
>> START: starter_coverage_guard.py (2025-09-09 20:35:40 UTC)
Starter coverage failure: 4 starter(s) absent in pitcher_mega_z.
Wrote summaries/projections/mega_z_starter_coverage.csv and summaries/projections/mega_z_starter_missing.csv with details.
Traceback (most recent call last):
  File "/home/runner/work/baseball_for_mat/baseball_for_mat/scripts/starter_coverage_guard.py", line 89, in <module>
    sys.exit(main())
  File "/home/runner/work/baseball_for_mat/baseball_for_mat/scripts/starter_coverage_guard.py", line 67, in main
    raise RuntimeError(msg)
RuntimeError: Starter coverage failure: 4 starter(s) absent in pitcher_mega_z.
[END] starter_coverage_guard.py (2025-09-09 20:35:40 UTC)
>> START: starter_coverage_guard.py (2025-09-09 20:59:15 UTC)
Starter coverage failure: 4 starter(s) absent in pitcher_mega_z.
Wrote summaries/projections/mega_z_starter_coverage.csv and summaries/projections/mega_z_starter_missing.csv with details.
Traceback (most recent call last):
  File "/home/runner/work/baseball_for_mat/baseball_for_mat/scripts/starter_coverage_guard.py", line 89, in <module>
    sys.exit(main())
  File "/home/runner/work/baseball_for_mat/baseball_for_mat/scripts/starter_coverage_guard.py", line 67, in main
    raise RuntimeError(msg)
RuntimeError: Starter coverage failure: 4 starter(s) absent in pitcher_mega_z.
[END] starter_coverage_guard.py (2025-09-09 20:59:15 UTC)
>> START: starter_coverage_guard.py (2025-09-10 12:27:08 UTC)
Starter coverage failure: 4 starter(s) absent in pitcher_mega_z.
Wrote summaries/projections/mega_z_starter_coverage.csv and summaries/projections/mega_z_starter_missing.csv with details.
Traceback (most recent call last):
  File "/home/runner/work/baseball_for_mat/baseball_for_mat/scripts/starter_coverage_guard.py", line 89, in <module>
    sys.exit(main())
  File "/home/runner/work/baseball_for_mat/baseball_for_mat/scripts/starter_coverage_guard.py", line 67, in main
    raise RuntimeError(msg)
RuntimeError: Starter coverage failure: 4 starter(s) absent in pitcher_mega_z.
[END] starter_coverage_guard.py (2025-09-10 12:27:08 UTC)
>> START: starter_coverage_guard.py (2025-09-10 12:46:44 UTC)
Starter coverage failure: 4 starter(s) absent in pitcher_mega_z.
Wrote summaries/projections/mega_z_starter_coverage.csv and summaries/projections/mega_z_starter_missing.csv with details.
Traceback (most recent call last):
  File "/home/runner/work/baseball_for_mat/baseball_for_mat/scripts/starter_coverage_guard.py", line 89, in <module>
    sys.exit(main())
  File "/home/runner/work/baseball_for_mat/baseball_for_mat/scripts/starter_coverage_guard.py", line 67, in main
    raise RuntimeError(msg)
RuntimeError: Starter coverage failure: 4 starter(s) absent in pitcher_mega_z.
[END] starter_coverage_guard.py (2025-09-10 12:46:44 UTC)
>> START: starter_coverage_guard.py (2025-09-10 13:01:10 UTC)
Starter coverage failure: 4 starter(s) absent in pitcher_mega_z.
Wrote summaries/projections/mega_z_starter_coverage.csv and summaries/projections/mega_z_starter_missing.csv with details.
Traceback (most recent call last):
  File "/home/runner/work/baseball_for_mat/baseball_for_mat/scripts/starter_coverage_guard.py", line 89, in <module>
    sys.exit(main())
  File "/home/runner/work/baseball_for_mat/baseball_for_mat/scripts/starter_coverage_guard.py", line 67, in main
    raise RuntimeError(msg)
RuntimeError: Starter coverage failure: 4 starter(s) absent in pitcher_mega_z.
[END] starter_coverage_guard.py (2025-09-10 13:01:10 UTC)
>> START: starter_coverage_guard.py (2025-09-10 14:39:40 UTC)
Starter coverage failure: 4 starter(s) absent in pitcher_mega_z.
Wrote summaries/projections/mega_z_starter_coverage.csv and summaries/projections/mega_z_starter_missing.csv with details.
Traceback (most recent call last):
  File "/home/runner/work/baseball_for_mat/baseball_for_mat/scripts/starter_coverage_guard.py", line 89, in <module>
    sys.exit(main())
  File "/home/runner/work/baseball_for_mat/baseball_for_mat/scripts/starter_coverage_guard.py", line 67, in main
    raise RuntimeError(msg)
RuntimeError: Starter coverage failure: 4 starter(s) absent in pitcher_mega_z.
[END] starter_coverage_guard.py (2025-09-10 14:39:40 UTC)
