✅ Game times updated for 30 teams:
 - Yankees: [no game]
 - Red Sox: [no game]
 - Blue Jays: 7:07 PM
 - Orioles: [no game]
 - Rays: 7:35 PM
 - Guardians: [no game]
 - White Sox: [no game]
 - Tigers: [no game]
 - Royals: [no game]
 - Twins: [no game]
 - Astros: [no game]
 - Athletics: [no game]
 - Angels: [no game]
 - Mariners: 10:10 PM
 - Rangers: 8:05 PM
 - Braves: 7:15 PM
 - Phillies: 6:45 PM
 - Nationals: 6:45 PM
 - Mets: 7:10 PM
 - Marlins: 7:10 PM
 - Cubs: 2:20 PM
 - Reds: [no game]
 - Brewers: [no game]
 - Pirates: 6:40 PM
 - Cardinals: [no game]
 - Dodgers: 10:10 PM
 - Giants: [no game]
 - Padres: [no game]
 - Rockies: 8:40 PM
 - Diamondbacks: 9:40 PM
