INFO: 🚀 Starting player tagging process...
INFO: Tagging batters data from data/normalized/batters_normalized.csv...
WARNING: 89 unmatched batters rows (89 unique). Examples:
   Urshela, Gio
   Lopez, Nicky
    Brown, Seth
  Hilliard, Sam
  Lee, Jung Hoo
 Kingery, Scott
   Capra, Vinny
  Newman, Kevin
    Trejo, Alan
Renfroe, Hunter
INFO: ✅ Tagged batters saved to: data/tagged/batters_normalized.csv (548 rows)
INFO: Tagging pitchers data from data/normalized/pitchers_normalized.csv...
WARNING: 99 unmatched pitchers rows (99 unique). Examples:
      Scott, Tayler
   Alexander, Scott
      Perez, Cionel
      De Leon, Jose
      Swanson, Erik
       Bowman, Matt
Desclafani, Anthony
      Neris, Hector
  Turnbull, Spencer
       Bolton, Cody
INFO: ✅ Tagged pitchers saved to: data/tagged/pitchers_normalized.csv (691 rows)
INFO: 📄 Summary written to data/output/player_totals.txt
INFO: ✅ Tagging process complete.
