On branch main
Your branch is up to date with 'origin/main'.

Changes not staged for commit:
  (use "git add <file>..." to update what will be committed)
  (use "git restore <file>..." to discard changes in working directory)
	modified:   data/adjusted/batters_away.csv
	modified:   data/adjusted/batters_away_park.csv
	modified:   data/adjusted/batters_home.csv
	modified:   data/adjusted/batters_home_park.csv
	modified:   data/bets/mlb_sched.csv
	modified:   data/cleaned/batters_today.csv
	modified:   data/normalized/batters_normalized.csv
	modified:   data/normalized/pitchers_normalized.csv
	modified:   data/raw/startingpitchers_with_opp_context.csv
	modified:   data/raw/todaysgames.csv
	modified:   data/raw/todaysgames_normalized.csv
	modified:   data/tagged/batters_normalized.csv
	modified:   data/tagged/pitchers_normalized.csv
	modified:   logs/00_todaysgames.log
	modified:   logs/01_normalize_todays_games.log
	modified:   logs/03_rebuild_startingpitchers.log
	modified:   logs/06_bet_prep_1.log

Untracked files:
  (use "git add <file>..." to include in what will be committed)
	data/output/
	logs/08_normalize_names.log
	logs/09_tag_master_files.log
	logs/10_normalize_lineups.log
	logs/11_build_batters_today_from_lineups.log
	logs/12_normalize_batters_for_builder.log
	logs/13_deduplicate_normalized.log
	logs/14_validate_tagged_players.log
	logs/15_update_game_time.log
	logs/16_finalize_todaysgames_types_and_pf.log
	logs/17_apply_park_adjustment.log
	logs/18_apply_pitcher_park_adjustment.log
	summaries/summary.txt

no changes added to commit (use "git add" and/or "git commit -a")
Git error: Command '['git', 'commit', '-m', 'Apply pitcher park factor with woba injection + defaults']' returned non-zero exit status 1.
