On branch main
Your branch is up to date with 'origin/main'.

Changes not staged for commit:
  (use "git add <file>..." to update what will be committed)
  (use "git restore <file>..." to discard changes in working directory)
	modified:   data/adjusted/batters_away_weather.csv
	modified:   data/adjusted/batters_home_weather.csv
	modified:   data/end_chain/final/startingpitchers.csv
	modified:   data/output/player_totals.txt
	modified:   data/raw/startingpitchers_with_opp_context.csv
	modified:   data/weather_adjustments.csv
	modified:   logs/00_todaysgames.log
	modified:   logs/13_deduplicate_normalized.log
	modified:   logs/18_apply_pitcher_park_adjustment.log
	modified:   logs/22_prep_merge.log
	modified:   logs/23a_get_weather_data.log
	modified:   logs/25_apply_weather_adjustment_pitchers.log
	modified:   logs/26_combine_batter_weather_park.log
	modified:   logs/27_combine_pitcher_weather_park_home.log
	modified:   summaries/summary.txt

no changes added to commit (use "git add" and/or "git commit -a")
