On branch main
Your branch is up to date with 'origin/main'.

Changes not staged for commit:
  (use "git add <file>..." to update what will be committed)
  (use "git restore <file>..." to discard changes in working directory)
	modified:   data/adjusted/pitchers_away_park.csv
	modified:   data/adjusted/pitchers_home_park.csv
	modified:   data/output/player_totals.txt
	modified:   data/weather_adjustments.csv
	modified:   summaries/A_Run_All/apply_park_adjustment.log
	modified:   summaries/A_Run_All/apply_park_adjustment.txt
	modified:   summaries/A_Run_All/apply_pitcher_park_adjustment.log
	modified:   summaries/A_Run_All/apply_pitcher_park_adjustment.txt
	modified:   summaries/A_Run_All/apply_pitcher_weather_adjustment.log
	modified:   summaries/A_Run_All/apply_pitcher_weather_adjustment.txt
	modified:   summaries/A_Run_All/apply_team_name_mapping.log
	modified:   summaries/A_Run_All/apply_team_name_mapping.txt
	modified:   summaries/A_Run_All/apply_weather_adjustment.log
	modified:   summaries/A_Run_All/apply_weather_adjustment.txt
	modified:   summaries/A_Run_All/combine_pitcher_weather_park_home.log
	modified:   summaries/A_Run_All/combine_weather_park_away.log
	modified:   summaries/A_Run_All/combine_weather_park_away.txt
	modified:   summaries/A_Run_All/combine_weather_park_home.log
	modified:   summaries/A_Run_All/combine_weather_park_home.txt
	modified:   summaries/A_Run_All/deduplicate_normalized.log
	modified:   summaries/A_Run_All/deduplicate_normalized.txt
	modified:   summaries/A_Run_All/errors.txt
	modified:   summaries/A_Run_All/filter_today_batters.log
	modified:   summaries/A_Run_All/filter_today_batters.txt
	modified:   summaries/A_Run_All/fix_away_team_column.log
	modified:   summaries/A_Run_All/fix_away_team_column.txt
	modified:   summaries/A_Run_All/generate_weather_csv.log
	modified:   summaries/A_Run_All/generate_weather_csv.txt
	modified:   summaries/A_Run_All/get_weather_data.log
	modified:   summaries/A_Run_All/get_weather_data.txt
	modified:   summaries/A_Run_All/normalize_lineups.log
	modified:   summaries/A_Run_All/normalize_lineups.txt
	modified:   summaries/A_Run_All/normalize_names.log
	modified:   summaries/A_Run_All/normalize_names.txt
	modified:   summaries/A_Run_All/normalize_pitcher_home_away.log
	modified:   summaries/A_Run_All/normalize_pitcher_home_away.txt
	modified:   summaries/A_Run_All/normalize_pitcher_merge_inputs.log
	modified:   summaries/A_Run_All/normalize_pitcher_merge_inputs.txt
	modified:   summaries/A_Run_All/normalize_pitcher_weather_outputs.log
	modified:   summaries/A_Run_All/normalize_pitcher_weather_outputs.txt
	modified:   summaries/A_Run_All/normalize_todays_games.log
	modified:   summaries/A_Run_All/normalize_todays_games.txt
	modified:   summaries/A_Run_All/preprocess_pitcher_weather_park_away.log
	modified:   summaries/A_Run_All/preprocess_pitcher_weather_park_away.txt
	modified:   summaries/A_Run_All/split_batters_by_home_away.log
	modified:   summaries/A_Run_All/split_batters_by_home_away.txt
	modified:   summaries/A_Run_All/split_pitchers.log
	modified:   summaries/A_Run_All/split_pitchers.txt
	modified:   summaries/A_Run_All/tag_master_files.log
	modified:   summaries/A_Run_All/tag_master_files.txt
	modified:   summaries/A_Run_All/update_game_time.log
	modified:   summaries/A_Run_All/update_game_time.txt
	modified:   temp_error.log

no changes added to commit (use "git add" and/or "git commit -a")
⚠️ Git commit/push skipped or failed: Command '['git', 'commit', '-m', 'Auto-commit: Cleaned combine pitcher weather + park (home)']' returned non-zero exit status 1.
🕒 Timestamp: 2025-07-22 09:14:45 AM EDT
