On branch main
Your branch is up to date with 'origin/main'.

Changes not staged for commit:
  (use "git add <file>..." to update what will be committed)
  (use "git restore <file>..." to discard changes in working directory)
	modified:   data/output/player_totals.txt
	modified:   summaries/A_Run_All/deduplicate_normalized.log
	modified:   summaries/A_Run_All/deduplicate_normalized.txt
	modified:   summaries/A_Run_All/errors.txt
	modified:   summaries/A_Run_All/normalize_lineups.log
	modified:   summaries/A_Run_All/normalize_lineups.txt
	modified:   summaries/A_Run_All/normalize_names.log
	modified:   summaries/A_Run_All/normalize_names.txt
	modified:   summaries/A_Run_All/normalize_todays_games.log
	modified:   summaries/A_Run_All/tag_master_files.log
	modified:   summaries/A_Run_All/tag_master_files.txt
	modified:   temp_error.log

no changes added to commit (use "git add" and/or "git commit -a")
✅ normalize_todays_games.py completed: 14 rows written to data/raw/todaysgames_normalized.csv
⚠️ Git commit/push failed: Command '['git', 'commit', '-m', '🔄 Force update to todaysgames_normalized.csv']' returned non-zero exit status 1.
🕒 Timestamp: 2025-07-22 08:37:59 AM EDT
