✅ Game times updated for 30 teams:
 - Yankees vs : [no game]
 - Red Sox vs : [no game]
 - Blue Jays vs : [no game]
 - Orioles vs : [no game]
 - Rays vs : [no game]
 - Guardians vs : [no game]
 - White Sox vs : [no game]
 - Tigers vs : [no game]
 - Royals vs : [no game]
 - Twins vs : [no game]
 - Astros vs : [no game]
 - Athletics vs : [no game]
 - Angels vs : [no game]
 - Mariners vs : [no game]
 - Rangers vs : [no game]
 - Braves vs : [no game]
 - Phillies vs : [no game]
 - Nationals vs : [no game]
 - Mets vs : [no game]
 - Marlins vs : [no game]
 - Cubs vs : [no game]
 - Reds vs : [no game]
 - Brewers vs : [no game]
 - Pirates vs : [no game]
 - Cardinals vs : [no game]
 - Dodgers vs : [no game]
 - Giants vs : [no game]
 - Padres vs : [no game]
 - Rockies vs : [no game]
 - Diamondbacks vs : [no game]
🕒 Timestamp: 2025-07-22 10:54:23 AM EDT
